<testsuites id="" name="" tests="7" failures="0" skipped="0" errors="0" time="26.046772">
<testsuite name="smoke.spec.ts" timestamp="2026-06-04T13:32:18.658Z" hostname="chromium" tests="7" failures="0" skipped="0" time="36.368" errors="0">
<testcase name="home renders core UI and version report link" classname="smoke.spec.ts" time="6.439">
<system-out>
<![CDATA[
[[ATTACHMENT|..\test-results\smoke-home-renders-core-UI-and-version-report-link-chromium\attachments\home-hero-86e8890b11f82ca611babd784d5579ae2f99a3bd.png]]

[[ATTACHMENT|..\test-results\smoke-home-renders-core-UI-and-version-report-link-chromium\attachments\home-landing-2dfd26b8a24a0d037aeee3abb311a009348b56b6.png]]

[[ATTACHMENT|..\test-results\smoke-home-renders-core-UI-and-version-report-link-chromium\attachments\home-master-control-2e7644f2b3fece49e4827f637603e1f2b23ad86e.png]]

[[ATTACHMENT|..\test-results\smoke-home-renders-core-UI-and-version-report-link-chromium\attachments\home-version-link-53152248216180a2743fbe39b6678228bf50f9ea.png]]

[[ATTACHMENT|..\test-results\smoke-home-renders-core-UI-and-version-report-link-chromium\test-finished-1.png]]
]]>
</system-out>
</testcase>
<testcase name="clicking v1.5.0 opens executive report" classname="smoke.spec.ts" time="7.422">
<system-out>
<![CDATA[
[[ATTACHMENT|..\test-results\smoke-clicking-v1-5-0-opens-executive-report-chromium\attachments\report-launch-landing-7a11f81fb2d48cb9cf9e1fba85cc794f5caefefe.png]]

[[ATTACHMENT|..\test-results\smoke-clicking-v1-5-0-opens-executive-report-chromium\attachments\report-launch-master-control-78475428267abf434bc46ad3fb385e4854d5cb02.png]]

[[ATTACHMENT|..\test-results\smoke-clicking-v1-5-0-opens-executive-report-chromium\attachments\report-launch-link-8afc40fde8ed2bfc362f79ac19a2f8acd59a5a6e.png]]

[[ATTACHMENT|..\test-results\smoke-clicking-v1-5-0-opens-executive-report-chromium\attachments\report-dashboard-8b7d5292961489114fb00188f96a66451d2cec54.png]]

[[ATTACHMENT|..\test-results\smoke-clicking-v1-5-0-opens-executive-report-chromium\test-finished-1.png]]

[[ATTACHMENT|..\test-results\smoke-clicking-v1-5-0-opens-executive-report-chromium\test-finished-2.png]]
]]>
</system-out>
</testcase>
<testcase name="main control groups are visible after entering room" classname="smoke.spec.ts" time="6.017">
<system-out>
<![CDATA[
[[ATTACHMENT|..\test-results\smoke-main-control-groups-are-visible-after-entering-room-chromium\attachments\control-groups-landing-fccd0a2879062ed09492f3faa16056d83fe70b34.png]]

[[ATTACHMENT|..\test-results\smoke-main-control-groups-are-visible-after-entering-room-chromium\attachments\control-groups-master-control-9ca99c0be05da9723f7a601eb59f5c174e7d9d7f.png]]

[[ATTACHMENT|..\test-results\smoke-main-control-groups-are-visible-after-entering-room-chromium\attachments\control-groups-visible-aed93cda7bc7529936273adc7afeab2280edd137.png]]

[[ATTACHMENT|..\test-results\smoke-main-control-groups-are-visible-after-entering-room-chromium\test-finished-1.png]]
]]>
</system-out>
</testcase>
<testcase name="music panel can be opened, changed and closed" classname="smoke.spec.ts" time="7.005">
<system-out>
<![CDATA[
[[ATTACHMENT|..\test-results\smoke-music-panel-can-be-opened-changed-and-closed-chromium\attachments\music-panel-landing-160237743daa80ccb0e9d18d8534a5f3dbe8b174.png]]

[[ATTACHMENT|..\test-results\smoke-music-panel-can-be-opened-changed-and-closed-chromium\attachments\music-panel-master-control-d776cfcc3910d3fed25ce6bc4f021993eafaf137.png]]

[[ATTACHMENT|..\test-results\smoke-music-panel-can-be-opened-changed-and-closed-chromium\attachments\music-panel-open-b12dd02a444a4d2cd16b83878143e52f8f65eb6a.png]]

[[ATTACHMENT|..\test-results\smoke-music-panel-can-be-opened-changed-and-closed-chromium\attachments\music-panel-no-third-filter-3dddc8934a33c9ec986dfcc21c4b423f671c0cbc.png]]

[[ATTACHMENT|..\test-results\smoke-music-panel-can-be-opened-changed-and-closed-chromium\attachments\music-panel-closed-55d7be9dffce3ed858abec65f67fe65a43b9a3ec.png]]

[[ATTACHMENT|..\test-results\smoke-music-panel-can-be-opened-changed-and-closed-chromium\test-finished-1.png]]
]]>
</system-out>
</testcase>
<testcase name="data section synth toggle switches ON and OFF" classname="smoke.spec.ts" time="6.534">
<system-out>
<![CDATA[
[[ATTACHMENT|..\test-results\smoke-data-section-synth-toggle-switches-ON-and-OFF-chromium\attachments\synth-toggle-landing-7577c6605bfd3713c64435d7b6f1cd3b6f1bb9e1.png]]

[[ATTACHMENT|..\test-results\smoke-data-section-synth-toggle-switches-ON-and-OFF-chromium\attachments\synth-toggle-master-control-718f6ae1c5bb57043846cbad5d04a9d421416b67.png]]

[[ATTACHMENT|..\test-results\smoke-data-section-synth-toggle-switches-ON-and-OFF-chromium\attachments\synth-toggle-on-1aad87b78db63eaba87b4061f2436cc35e3e1334.png]]

[[ATTACHMENT|..\test-results\smoke-data-section-synth-toggle-switches-ON-and-OFF-chromium\attachments\synth-toggle-off-c6643c7fb757955e433b118ff9eb4e0765f25f35.png]]

[[ATTACHMENT|..\test-results\smoke-data-section-synth-toggle-switches-ON-and-OFF-chromium\test-finished-1.png]]
]]>
</system-out>
</testcase>
<testcase name="vitest junit artifact is reachable" classname="smoke.spec.ts" time="1.546">
<system-out>
<![CDATA[
[[ATTACHMENT|..\test-results\smoke-vitest-junit-artifact-is-reachable-chromium\attachments\vitest-junit-xml-c55ef418ec9d6a65b163db34073853851d90693e.png]]

[[ATTACHMENT|..\test-results\smoke-vitest-junit-artifact-is-reachable-chromium\test-finished-1.png]]
]]>
</system-out>
</testcase>
<testcase name="pytest junit artifact is reachable" classname="smoke.spec.ts" time="1.405">
<system-out>
<![CDATA[
[[ATTACHMENT|..\test-results\smoke-pytest-junit-artifact-is-reachable-chromium\attachments\pytest-junit-xml-7abf036e8568857e2854c29beefe7e2d57ce1369.png]]

[[ATTACHMENT|..\test-results\smoke-pytest-junit-artifact-is-reachable-chromium\test-finished-1.png]]
]]>
</system-out>
</testcase>
</testsuite>
</testsuites>