<?xml version="1.0" encoding="UTF-8" ?>
<testsuites name="vitest tests" tests="75" failures="0" errors="0" time="1.213846042">
    <testsuite name="vitest/app.ui.test.tsx" timestamp="2026-04-09T21:04:14.258Z" hostname="runnervm35a4x" tests="4" failures="0" errors="0" skipped="0" time="0.41388894">
        <testcase classname="vitest/app.ui.test.tsx" name="App UI regression (RTL) &gt; renders version link to test report and updated footer year" time="0.221527841">
        </testcase>
        <testcase classname="vitest/app.ui.test.tsx" name="App UI regression (RTL) &gt; shows ENTER ROOM overlay and calls audio bootstrap on click" time="0.054812039">
        </testcase>
        <testcase classname="vitest/app.ui.test.tsx" name="App UI regression (RTL) &gt; opens and closes the Music panel from icon click and outside click" time="0.076358011">
        </testcase>
        <testcase classname="vitest/app.ui.test.tsx" name="App UI regression (RTL) &gt; propagates music setting changes to audioService.updateMusicSettings" time="0.059490809">
        </testcase>
    </testsuite>
    <testsuite name="vitest/audioEngine.test.ts" timestamp="2026-04-09T21:04:14.260Z" hostname="runnervm35a4x" tests="39" failures="0" errors="0" skipped="0" time="0.049244008">
        <testcase classname="vitest/audioEngine.test.ts" name="audio source pool &gt; uses synth when it is the only source" time="0.004339779">
        </testcase>
        <testcase classname="vitest/audioEngine.test.ts" name="audio source pool &gt; returns null when no source is available and synth is disabled" time="0.000794942">
        </testcase>
        <testcase classname="vitest/audioEngine.test.ts" name="audio source pool &gt; cycles through mixed sources in round-robin order" time="0.001898128">
        </testcase>
        <testcase classname="vitest/audioEngine.test.ts" name="audio source pool &gt; formats pool and bank labels for loaded sources" time="0.000973284">
        </testcase>
        <testcase classname="vitest/audioEngine.test.ts" name="audio source pool &gt; reports when the mic bank is full" time="0.000328392">
        </testcase>
        <testcase classname="vitest/audioEngine.test.ts" name="audio source pool &gt; supports slot search and slot clear operations" time="0.000505232">
        </testcase>
        <testcase classname="vitest/audioEngine.test.ts" name="audio source pool &gt; ignores out-of-range slot clearing requests" time="0.000289049">
        </testcase>
        <testcase classname="vitest/audioEngine.test.ts" name="audio source pool &gt; clears all loaded samples and resets loaded state" time="0.000875422">
        </testcase>
        <testcase classname="vitest/audioEngine.test.ts" name="audio source pool &gt; re-enables synth when switching to SYNTH mode" time="0.000817103">
        </testcase>
        <testcase classname="vitest/audioEngine.test.ts" name="audio analysers and lifecycle &gt; reads peak level from the main analyser" time="0.001304361">
        </testcase>
        <testcase classname="vitest/audioEngine.test.ts" name="audio analysers and lifecycle &gt; returns a default peak level when no peak analyser exists" time="0.000304357">
        </testcase>
        <testcase classname="vitest/audioEngine.test.ts" name="audio analysers and lifecycle &gt; computes stereo levels and caches waveform buffers" time="0.000856216">
        </testcase>
        <testcase classname="vitest/audioEngine.test.ts" name="audio analysers and lifecycle &gt; returns null stereo waveform without both analysers" time="0.000353068">
        </testcase>
        <testcase classname="vitest/audioEngine.test.ts" name="audio analysers and lifecycle &gt; reuses stereo waveform buffers between calls" time="0.000598135">
        </testcase>
        <testcase classname="vitest/audioEngine.test.ts" name="audio analysers and lifecycle &gt; delegates primeFromGesture to init and resume" time="0.001045007">
        </testcase>
        <testcase classname="vitest/audioEngine.test.ts" name="audio analysers and lifecycle &gt; resumes the audio context and starts background drone when hidden" time="0.000967223">
        </testcase>
        <testcase classname="vitest/audioEngine.test.ts" name="audio analysers and lifecycle &gt; keeps the context alive on suspend when a mic stream is attached" time="0.000508789">
        </testcase>
        <testcase classname="vitest/audioEngine.test.ts" name="audio analysers and lifecycle &gt; suspends the context when mic capture is not active" time="0.000288859">
        </testcase>
        <testcase classname="vitest/audioEngine.test.ts" name="audio interactions &gt; clamps wet controls and lofi params" time="0.0029345">
        </testcase>
        <testcase classname="vitest/audioEngine.test.ts" name="audio interactions &gt; updates compressor, limiter, EQ and wet routing from settings" time="0.003128933">
        </testcase>
        <testcase classname="vitest/audioEngine.test.ts" name="audio interactions &gt; clamps master gain and reuses the last safe value for NaN" time="0.000324936">
        </testcase>
        <testcase classname="vitest/audioEngine.test.ts" name="audio interactions &gt; clamps mic gain between 0 and 4" time="0.00030582">
        </testcase>
        <testcase classname="vitest/audioEngine.test.ts" name="audio interactions &gt; clamps EQ gains to a safe range" time="0.000390759">
        </testcase>
        <testcase classname="vitest/audioEngine.test.ts" name="audio interactions &gt; clamps spatial control values" time="0.000361264">
        </testcase>
        <testcase classname="vitest/audioEngine.test.ts" name="audio interactions &gt; builds constrained intervals for drone scales" time="0.000948688">
        </testcase>
        <testcase classname="vitest/audioEngine.test.ts" name="engine stability and media handling &gt; respects MAX_VOICES polyphony guard in triggerSound" time="0.001500827">
        </testcase>
        <testcase classname="vitest/audioEngine.test.ts" name="engine stability and media handling &gt; returns early from triggerSound when playback should stay suspended" time="0.000310279">
        </testcase>
        <testcase classname="vitest/audioEngine.test.ts" name="engine stability and media handling &gt; handles worklet loading failure gracefully" time="0.007107436">
            <system-err>
Lofi worklet unavailable, bypassing crusher. Error: Network Error
    at [90m/home/runner/work/glassroom/glassroom/[39mvitest/audioEngine.test.ts:582:46
    at [90mfile:///home/runner/work/glassroom/glassroom/[39mnode_modules/[4m@vitest/runner[24m/dist/chunk-artifact.js:302:11
    at [90mfile:///home/runner/work/glassroom/glassroom/[39mnode_modules/[4m@vitest/runner[24m/dist/chunk-artifact.js:1903:26
    at [90mfile:///home/runner/work/glassroom/glassroom/[39mnode_modules/[4m@vitest/runner[24m/dist/chunk-artifact.js:2326:20
    at new Promise (&lt;anonymous&gt;)
    at runWithCancel [90m(file:///home/runner/work/glassroom/glassroom/[39mnode_modules/[4m@vitest/runner[24m/dist/chunk-artifact.js:2323:10[90m)[39m
    at [90mfile:///home/runner/work/glassroom/glassroom/[39mnode_modules/[4m@vitest/runner[24m/dist/chunk-artifact.js:2305:20
    at new Promise (&lt;anonymous&gt;)
    at runWithTimeout [90m(file:///home/runner/work/glassroom/glassroom/[39mnode_modules/[4m@vitest/runner[24m/dist/chunk-artifact.js:2272:10[90m)[39m
    at [90mfile:///home/runner/work/glassroom/glassroom/[39mnode_modules/[4m@vitest/runner[24m/dist/chunk-artifact.js:2955:64

            </system-err>
        </testcase>
        <testcase classname="vitest/audioEngine.test.ts" name="engine stability and media handling &gt; prefers the recording destination stream over the live mic stream" time="0.000398633">
        </testcase>
        <testcase classname="vitest/audioEngine.test.ts" name="engine stability and media handling &gt; attaches a new mic stream and reconnects the mic chain" time="0.002759213">
        </testcase>
        <testcase classname="vitest/audioEngine.test.ts" name="engine stability and media handling &gt; falls back to generic getUserMedia constraints when the preferred ones fail" time="0.00204984">
        </testcase>
        <testcase classname="vitest/audioEngine.test.ts" name="engine stability and media handling &gt; returns a floor mic level when no mic meter exists" time="0.00276309">
        </testcase>
        <testcase classname="vitest/audioEngine.test.ts" name="engine stability and media handling &gt; computes the mic peak level from waveform bytes" time="0.000376723">
        </testcase>
        <testcase classname="vitest/audioEngine.test.ts" name="engine stability and media handling &gt; loads sample files while skipping long and broken assets" time="0.001562052">
            <system-err>
Sample too long (&gt;10s): too-long.wav

Failed to load sample Error: decode failed
    at [90m/home/runner/work/glassroom/glassroom/[39mvitest/audioEngine.test.ts:683:32
    at [90mfile:///home/runner/work/glassroom/glassroom/[39mnode_modules/[4m@vitest/runner[24m/dist/chunk-artifact.js:302:11
    at [90mfile:///home/runner/work/glassroom/glassroom/[39mnode_modules/[4m@vitest/runner[24m/dist/chunk-artifact.js:1903:26
    at [90mfile:///home/runner/work/glassroom/glassroom/[39mnode_modules/[4m@vitest/runner[24m/dist/chunk-artifact.js:2326:20
    at new Promise (&lt;anonymous&gt;)
    at runWithCancel [90m(file:///home/runner/work/glassroom/glassroom/[39mnode_modules/[4m@vitest/runner[24m/dist/chunk-artifact.js:2323:10[90m)[39m
    at [90mfile:///home/runner/work/glassroom/glassroom/[39mnode_modules/[4m@vitest/runner[24m/dist/chunk-artifact.js:2305:20
    at new Promise (&lt;anonymous&gt;)
    at runWithTimeout [90m(file:///home/runner/work/glassroom/glassroom/[39mnode_modules/[4m@vitest/runner[24m/dist/chunk-artifact.js:2272:10[90m)[39m
    at [90mfile:///home/runner/work/glassroom/glassroom/[39mnode_modules/[4m@vitest/runner[24m/dist/chunk-artifact.js:2955:64

            </system-err>
        </testcase>
        <testcase classname="vitest/audioEngine.test.ts" name="engine stability and media handling &gt; overwrites sample slots starting from the requested index" time="0.000492118">
        </testcase>
        <testcase classname="vitest/audioEngine.test.ts" name="engine stability and media handling &gt; rejects mic recordings longer than ten seconds" time="0.000590811">
            <system-err>
Recorded sample too long (&gt;10s), rejecting.

            </system-err>
        </testcase>
        <testcase classname="vitest/audioEngine.test.ts" name="engine stability and media handling &gt; stores a mic recording and advances the insert cursor" time="0.00053603">
        </testcase>
        <testcase classname="vitest/audioEngine.test.ts" name="engine stability and media handling &gt; stores a sample blob in the first free sample slot" time="0.000512225">
        </testcase>
        <testcase classname="vitest/audioEngine.test.ts" name="engine stability and media handling &gt; returns the current context state when available" time="0.000279761">
        </testcase>
    </testsuite>
    <testsuite name="vitest/mixer.ui.test.tsx" timestamp="2026-04-09T21:04:14.268Z" hostname="runnervm35a4x" tests="4" failures="0" errors="0" skipped="0" time="0.560200167">
        <testcase classname="vitest/mixer.ui.test.tsx" name="Mixer UI (RTL) &gt; calls transport callbacks on play/stop click" time="0.146887968">
        </testcase>
        <testcase classname="vitest/mixer.ui.test.tsx" name="Mixer UI (RTL) &gt; toggles synth source from data section" time="0.298983157">
        </testcase>
        <testcase classname="vitest/mixer.ui.test.tsx" name="Mixer UI (RTL) &gt; loads sample files from hidden input change" time="0.050187171">
        </testcase>
        <testcase classname="vitest/mixer.ui.test.tsx" name="Mixer UI (RTL) &gt; toggles LO-FI from cassette switch" time="0.062087993">
        </testcase>
    </testsuite>
    <testsuite name="vitest/music.test.ts" timestamp="2026-04-09T21:04:14.269Z" hostname="runnervm35a4x" tests="8" failures="0" errors="0" skipped="0" time="0.006697106">
        <testcase classname="vitest/music.test.ts" name="music scales &gt; falls back to default scale" time="0.001712993">
        </testcase>
        <testcase classname="vitest/music.test.ts" name="music scales &gt; keeps normalized pitch-class intervals" time="0.00027361">
        </testcase>
        <testcase classname="vitest/music.test.ts" name="quantize &gt; respects nearest/down/up and no repeat" time="0.000651183">
        </testcase>
        <testcase classname="vitest/music.test.ts" name="quantize &gt; supports noThirds and leading-tone penalty" time="0.000633611">
        </testcase>
        <testcase classname="vitest/music.test.ts" name="quantize &gt; falls back to root for non-finite input" time="0.000291854">
        </testcase>
        <testcase classname="vitest/music.test.ts" name="notes helpers &gt; maps pitch classes and note names" time="0.0004073">
        </testcase>
        <testcase classname="vitest/music.test.ts" name="notes helpers &gt; converts midi and frequency safely" time="0.000528104">
        </testcase>
        <testcase classname="vitest/music.test.ts" name="notes helpers &gt; snaps midi to target pitch class" time="0.000395058">
        </testcase>
    </testsuite>
    <testsuite name="vitest/session-core.test.ts" timestamp="2026-04-09T21:04:14.271Z" hostname="runnervm35a4x" tests="14" failures="0" errors="0" skipped="0" time="0.033250188">
        <testcase classname="vitest/session-core.test.ts" name="session core helpers &gt; formats session dates for the Polish locale" time="0.003375392">
        </testcase>
        <testcase classname="vitest/session-core.test.ts" name="session core helpers &gt; merges Tailwind classes without keeping conflicting duplicates" time="0.010107089">
        </testcase>
        <testcase classname="vitest/session-core.test.ts" name="session draft schema &gt; trims string fields and keeps enum values" time="0.003843684">
        </testcase>
        <testcase classname="vitest/session-core.test.ts" name="session draft schema &gt; defaults missing notes to an empty string" time="0.000986649">
        </testcase>
        <testcase classname="vitest/session-core.test.ts" name="session draft schema &gt; rejects titles shorter than three characters" time="0.001381475">
        </testcase>
        <testcase classname="vitest/session-core.test.ts" name="session draft schema &gt; rejects hosts shorter than two characters" time="0.000556958">
        </testcase>
        <testcase classname="vitest/session-core.test.ts" name="session draft schema &gt; rejects invalid ISO datetimes" time="0.000744398">
        </testcase>
        <testcase classname="vitest/session-core.test.ts" name="session draft schema &gt; rejects durations below the minimum" time="0.00053659">
        </testcase>
        <testcase classname="vitest/session-core.test.ts" name="session draft schema &gt; rejects durations above the maximum" time="0.000636186">
        </testcase>
        <testcase classname="vitest/session-core.test.ts" name="session draft schema &gt; rejects notes longer than the limit" time="0.00064363">
        </testcase>
        <testcase classname="vitest/session-core.test.ts" name="session draft schema &gt; rejects unknown energy values" time="0.000700846">
        </testcase>
        <testcase classname="vitest/session-core.test.ts" name="createSessionAction &gt; returns the first validation error without hitting the store" time="0.002087722">
        </testcase>
        <testcase classname="vitest/session-core.test.ts" name="createSessionAction &gt; persists valid payloads and revalidates the home page" time="0.004165194">
        </testcase>
        <testcase classname="vitest/session-core.test.ts" name="createSessionAction &gt; returns a generic persistence error when the store throws" time="0.000817293">
        </testcase>
    </testsuite>
    <testsuite name="vitest/session-store.test.ts" timestamp="2026-04-09T21:04:14.273Z" hostname="runnervm35a4x" tests="6" failures="0" errors="0" skipped="0" time="0.150565633">
        <testcase classname="vitest/session-store.test.ts" name="session store &gt; creates the backing file and returns an empty list when data is missing" time="0.104181192">
        </testcase>
        <testcase classname="vitest/session-store.test.ts" name="session store &gt; returns an empty list when the data file is blank" time="0.005620597">
        </testcase>
        <testcase classname="vitest/session-store.test.ts" name="session store &gt; sorts sessions by start time when reading from disk" time="0.005031298">
        </testcase>
        <testcase classname="vitest/session-store.test.ts" name="session store &gt; persists a validated session with generated identifiers" time="0.019526765">
        </testcase>
        <testcase classname="vitest/session-store.test.ts" name="session store &gt; normalizes missing notes to an empty string when saving" time="0.007651122">
        </testcase>
        <testcase classname="vitest/session-store.test.ts" name="session store &gt; rejects invalid drafts before writing them" time="0.005550646">
        </testcase>
    </testsuite>
</testsuites>
