<?xml version="1.0" encoding="UTF-8" ?>
<testsuites name="vitest tests" tests="75" failures="0" errors="0" time="1.154315789">
    <testsuite name="vitest/app.ui.test.tsx" timestamp="2026-06-04T13:33:23.431Z" hostname="runnervm3jyl0" tests="4" failures="0" errors="0" skipped="0" time="0.394437734">
        <testcase classname="vitest/app.ui.test.tsx" name="App UI regression (RTL) &gt; renders version link to test report and updated footer year" time="0.204873036">
        </testcase>
        <testcase classname="vitest/app.ui.test.tsx" name="App UI regression (RTL) &gt; shows ENTER ROOM overlay and calls audio bootstrap on click" time="0.054186122">
        </testcase>
        <testcase classname="vitest/app.ui.test.tsx" name="App UI regression (RTL) &gt; opens and closes the Music panel from icon click and outside click" time="0.070803362">
        </testcase>
        <testcase classname="vitest/app.ui.test.tsx" name="App UI regression (RTL) &gt; propagates music setting changes to audioService.updateMusicSettings" time="0.063070836">
        </testcase>
    </testsuite>
    <testsuite name="vitest/audioEngine.test.ts" timestamp="2026-06-04T13:33:23.433Z" hostname="runnervm3jyl0" tests="39" failures="0" errors="0" skipped="0" time="0.060707942">
        <testcase classname="vitest/audioEngine.test.ts" name="audio source pool &gt; uses synth when it is the only source" time="0.004592163">
        </testcase>
        <testcase classname="vitest/audioEngine.test.ts" name="audio source pool &gt; returns null when no source is available and synth is disabled" time="0.000574336">
        </testcase>
        <testcase classname="vitest/audioEngine.test.ts" name="audio source pool &gt; cycles through mixed sources in round-robin order" time="0.001656874">
        </testcase>
        <testcase classname="vitest/audioEngine.test.ts" name="audio source pool &gt; formats pool and bank labels for loaded sources" time="0.001322749">
        </testcase>
        <testcase classname="vitest/audioEngine.test.ts" name="audio source pool &gt; reports when the mic bank is full" time="0.000431628">
        </testcase>
        <testcase classname="vitest/audioEngine.test.ts" name="audio source pool &gt; supports slot search and slot clear operations" time="0.000698689">
        </testcase>
        <testcase classname="vitest/audioEngine.test.ts" name="audio source pool &gt; ignores out-of-range slot clearing requests" time="0.000442829">
        </testcase>
        <testcase classname="vitest/audioEngine.test.ts" name="audio source pool &gt; clears all loaded samples and resets loaded state" time="0.001000234">
        </testcase>
        <testcase classname="vitest/audioEngine.test.ts" name="audio source pool &gt; re-enables synth when switching to SYNTH mode" time="0.00051256">
        </testcase>
        <testcase classname="vitest/audioEngine.test.ts" name="audio analysers and lifecycle &gt; reads peak level from the main analyser" time="0.001599807">
        </testcase>
        <testcase classname="vitest/audioEngine.test.ts" name="audio analysers and lifecycle &gt; returns a default peak level when no peak analyser exists" time="0.000352069">
        </testcase>
        <testcase classname="vitest/audioEngine.test.ts" name="audio analysers and lifecycle &gt; computes stereo levels and caches waveform buffers" time="0.001155354">
        </testcase>
        <testcase classname="vitest/audioEngine.test.ts" name="audio analysers and lifecycle &gt; returns null stereo waveform without both analysers" time="0.000381646">
        </testcase>
        <testcase classname="vitest/audioEngine.test.ts" name="audio analysers and lifecycle &gt; reuses stereo waveform buffers between calls" time="0.000909484">
        </testcase>
        <testcase classname="vitest/audioEngine.test.ts" name="audio analysers and lifecycle &gt; delegates primeFromGesture to init and resume" time="0.001167638">
        </testcase>
        <testcase classname="vitest/audioEngine.test.ts" name="audio analysers and lifecycle &gt; resumes the audio context and starts background drone when hidden" time="0.000997619">
        </testcase>
        <testcase classname="vitest/audioEngine.test.ts" name="audio analysers and lifecycle &gt; keeps the context alive on suspend when a mic stream is attached" time="0.000781824">
        </testcase>
        <testcase classname="vitest/audioEngine.test.ts" name="audio analysers and lifecycle &gt; suspends the context when mic capture is not active" time="0.000419125">
        </testcase>
        <testcase classname="vitest/audioEngine.test.ts" name="audio interactions &gt; clamps wet controls and lofi params" time="0.003609802">
        </testcase>
        <testcase classname="vitest/audioEngine.test.ts" name="audio interactions &gt; updates compressor, limiter, EQ and wet routing from settings" time="0.002995031">
        </testcase>
        <testcase classname="vitest/audioEngine.test.ts" name="audio interactions &gt; clamps master gain and reuses the last safe value for NaN" time="0.000431048">
        </testcase>
        <testcase classname="vitest/audioEngine.test.ts" name="audio interactions &gt; clamps mic gain between 0 and 4" time="0.000363701">
        </testcase>
        <testcase classname="vitest/audioEngine.test.ts" name="audio interactions &gt; clamps EQ gains to a safe range" time="0.000637173">
        </testcase>
        <testcase classname="vitest/audioEngine.test.ts" name="audio interactions &gt; clamps spatial control values" time="0.000319369">
        </testcase>
        <testcase classname="vitest/audioEngine.test.ts" name="audio interactions &gt; builds constrained intervals for drone scales" time="0.001122754">
        </testcase>
        <testcase classname="vitest/audioEngine.test.ts" name="engine stability and media handling &gt; respects MAX_VOICES polyphony guard in triggerSound" time="0.001960303">
        </testcase>
        <testcase classname="vitest/audioEngine.test.ts" name="engine stability and media handling &gt; returns early from triggerSound when playback should stay suspended" time="0.000441006">
        </testcase>
        <testcase classname="vitest/audioEngine.test.ts" name="engine stability and media handling &gt; handles worklet loading failure gracefully" time="0.012268154">
            <system-err>
Lofi worklet unavailable, bypassing crusher. Error: Network Error
    at [90m/home/runner/work/glassroom/glassroom/[39mvitest/audioEngine.test.ts:582:46
    at [90mfile:///home/runner/work/glassroom/glassroom/[39mnode_modules/[4m@vitest/runner[24m/dist/chunk-artifact.js:302:11
    at [90mfile:///home/runner/work/glassroom/glassroom/[39mnode_modules/[4m@vitest/runner[24m/dist/chunk-artifact.js:1903:26
    at [90mfile:///home/runner/work/glassroom/glassroom/[39mnode_modules/[4m@vitest/runner[24m/dist/chunk-artifact.js:2326:20
    at new Promise (&lt;anonymous&gt;)
    at runWithCancel [90m(file:///home/runner/work/glassroom/glassroom/[39mnode_modules/[4m@vitest/runner[24m/dist/chunk-artifact.js:2323:10[90m)[39m
    at [90mfile:///home/runner/work/glassroom/glassroom/[39mnode_modules/[4m@vitest/runner[24m/dist/chunk-artifact.js:2305:20
    at new Promise (&lt;anonymous&gt;)
    at runWithTimeout [90m(file:///home/runner/work/glassroom/glassroom/[39mnode_modules/[4m@vitest/runner[24m/dist/chunk-artifact.js:2272:10[90m)[39m
    at [90mfile:///home/runner/work/glassroom/glassroom/[39mnode_modules/[4m@vitest/runner[24m/dist/chunk-artifact.js:2955:64

            </system-err>
        </testcase>
        <testcase classname="vitest/audioEngine.test.ts" name="engine stability and media handling &gt; prefers the recording destination stream over the live mic stream" time="0.000362619">
        </testcase>
        <testcase classname="vitest/audioEngine.test.ts" name="engine stability and media handling &gt; attaches a new mic stream and reconnects the mic chain" time="0.001534314">
        </testcase>
        <testcase classname="vitest/audioEngine.test.ts" name="engine stability and media handling &gt; falls back to generic getUserMedia constraints when the preferred ones fail" time="0.002976156">
        </testcase>
        <testcase classname="vitest/audioEngine.test.ts" name="engine stability and media handling &gt; returns a floor mic level when no mic meter exists" time="0.000337182">
        </testcase>
        <testcase classname="vitest/audioEngine.test.ts" name="engine stability and media handling &gt; computes the mic peak level from waveform bytes" time="0.001048755">
        </testcase>
        <testcase classname="vitest/audioEngine.test.ts" name="engine stability and media handling &gt; loads sample files while skipping long and broken assets" time="0.004340712">
            <system-err>
Sample too long (&gt;10s): too-long.wav

Failed to load sample Error: decode failed
    at [90m/home/runner/work/glassroom/glassroom/[39mvitest/audioEngine.test.ts:683:32
    at [90mfile:///home/runner/work/glassroom/glassroom/[39mnode_modules/[4m@vitest/runner[24m/dist/chunk-artifact.js:302:11
    at [90mfile:///home/runner/work/glassroom/glassroom/[39mnode_modules/[4m@vitest/runner[24m/dist/chunk-artifact.js:1903:26
    at [90mfile:///home/runner/work/glassroom/glassroom/[39mnode_modules/[4m@vitest/runner[24m/dist/chunk-artifact.js:2326:20
    at new Promise (&lt;anonymous&gt;)
    at runWithCancel [90m(file:///home/runner/work/glassroom/glassroom/[39mnode_modules/[4m@vitest/runner[24m/dist/chunk-artifact.js:2323:10[90m)[39m
    at [90mfile:///home/runner/work/glassroom/glassroom/[39mnode_modules/[4m@vitest/runner[24m/dist/chunk-artifact.js:2305:20
    at new Promise (&lt;anonymous&gt;)
    at runWithTimeout [90m(file:///home/runner/work/glassroom/glassroom/[39mnode_modules/[4m@vitest/runner[24m/dist/chunk-artifact.js:2272:10[90m)[39m
    at [90mfile:///home/runner/work/glassroom/glassroom/[39mnode_modules/[4m@vitest/runner[24m/dist/chunk-artifact.js:2955:64

            </system-err>
        </testcase>
        <testcase classname="vitest/audioEngine.test.ts" name="engine stability and media handling &gt; overwrites sample slots starting from the requested index" time="0.000499085">
        </testcase>
        <testcase classname="vitest/audioEngine.test.ts" name="engine stability and media handling &gt; rejects mic recordings longer than ten seconds" time="0.001215307">
            <system-err>
Recorded sample too long (&gt;10s), rejecting.

            </system-err>
        </testcase>
        <testcase classname="vitest/audioEngine.test.ts" name="engine stability and media handling &gt; stores a mic recording and advances the insert cursor" time="0.000551733">
        </testcase>
        <testcase classname="vitest/audioEngine.test.ts" name="engine stability and media handling &gt; stores a sample blob in the first free sample slot" time="0.000612127">
        </testcase>
        <testcase classname="vitest/audioEngine.test.ts" name="engine stability and media handling &gt; returns the current context state when available" time="0.00029373">
        </testcase>
    </testsuite>
    <testsuite name="vitest/mixer.ui.test.tsx" timestamp="2026-06-04T13:33:23.439Z" hostname="runnervm3jyl0" tests="4" failures="0" errors="0" skipped="0" time="0.519398273">
        <testcase classname="vitest/mixer.ui.test.tsx" name="Mixer UI (RTL) &gt; calls transport callbacks on play/stop click" time="0.147575">
        </testcase>
        <testcase classname="vitest/mixer.ui.test.tsx" name="Mixer UI (RTL) &gt; toggles synth source from data section" time="0.280851113">
        </testcase>
        <testcase classname="vitest/mixer.ui.test.tsx" name="Mixer UI (RTL) &gt; loads sample files from hidden input change" time="0.042259059">
        </testcase>
        <testcase classname="vitest/mixer.ui.test.tsx" name="Mixer UI (RTL) &gt; toggles LO-FI from cassette switch" time="0.047108033">
        </testcase>
    </testsuite>
    <testsuite name="vitest/music.test.ts" timestamp="2026-06-04T13:33:23.440Z" hostname="runnervm3jyl0" tests="8" failures="0" errors="0" skipped="0" time="0.006619622">
        <testcase classname="vitest/music.test.ts" name="music scales &gt; falls back to default scale" time="0.0017241">
        </testcase>
        <testcase classname="vitest/music.test.ts" name="music scales &gt; keeps normalized pitch-class intervals" time="0.000299501">
        </testcase>
        <testcase classname="vitest/music.test.ts" name="quantize &gt; respects nearest/down/up and no repeat" time="0.000616705">
        </testcase>
        <testcase classname="vitest/music.test.ts" name="quantize &gt; supports noThirds and leading-tone penalty" time="0.000543498">
        </testcase>
        <testcase classname="vitest/music.test.ts" name="quantize &gt; falls back to root for non-finite input" time="0.00030424">
        </testcase>
        <testcase classname="vitest/music.test.ts" name="notes helpers &gt; maps pitch classes and note names" time="0.000379681">
        </testcase>
        <testcase classname="vitest/music.test.ts" name="notes helpers &gt; converts midi and frequency safely" time="0.000544389">
        </testcase>
        <testcase classname="vitest/music.test.ts" name="notes helpers &gt; snaps midi to target pitch class" time="0.000292668">
        </testcase>
    </testsuite>
    <testsuite name="vitest/session-core.test.ts" timestamp="2026-06-04T13:33:23.442Z" hostname="runnervm3jyl0" tests="14" failures="0" errors="0" skipped="0" time="0.029033866">
        <testcase classname="vitest/session-core.test.ts" name="session core helpers &gt; formats session dates for the Polish locale" time="0.003334537">
        </testcase>
        <testcase classname="vitest/session-core.test.ts" name="session core helpers &gt; merges Tailwind classes without keeping conflicting duplicates" time="0.011095557">
        </testcase>
        <testcase classname="vitest/session-core.test.ts" name="session draft schema &gt; trims string fields and keeps enum values" time="0.004025602">
        </testcase>
        <testcase classname="vitest/session-core.test.ts" name="session draft schema &gt; defaults missing notes to an empty string" time="0.000527227">
        </testcase>
        <testcase classname="vitest/session-core.test.ts" name="session draft schema &gt; rejects titles shorter than three characters" time="0.00073702">
        </testcase>
        <testcase classname="vitest/session-core.test.ts" name="session draft schema &gt; rejects hosts shorter than two characters" time="0.000363611">
        </testcase>
        <testcase classname="vitest/session-core.test.ts" name="session draft schema &gt; rejects invalid ISO datetimes" time="0.000382957">
        </testcase>
        <testcase classname="vitest/session-core.test.ts" name="session draft schema &gt; rejects durations below the minimum" time="0.000676688">
        </testcase>
        <testcase classname="vitest/session-core.test.ts" name="session draft schema &gt; rejects durations above the maximum" time="0.000624583">
        </testcase>
        <testcase classname="vitest/session-core.test.ts" name="session draft schema &gt; rejects notes longer than the limit" time="0.000465512">
        </testcase>
        <testcase classname="vitest/session-core.test.ts" name="session draft schema &gt; rejects unknown energy values" time="0.000584394">
        </testcase>
        <testcase classname="vitest/session-core.test.ts" name="createSessionAction &gt; returns the first validation error without hitting the store" time="0.00098226">
        </testcase>
        <testcase classname="vitest/session-core.test.ts" name="createSessionAction &gt; persists valid payloads and revalidates the home page" time="0.002679119">
        </testcase>
        <testcase classname="vitest/session-core.test.ts" name="createSessionAction &gt; returns a generic persistence error when the store throws" time="0.000426359">
        </testcase>
    </testsuite>
    <testsuite name="vitest/session-store.test.ts" timestamp="2026-06-04T13:33:23.444Z" hostname="runnervm3jyl0" tests="6" failures="0" errors="0" skipped="0" time="0.144118352">
        <testcase classname="vitest/session-store.test.ts" name="session store &gt; creates the backing file and returns an empty list when data is missing" time="0.097127652">
        </testcase>
        <testcase classname="vitest/session-store.test.ts" name="session store &gt; returns an empty list when the data file is blank" time="0.006213106">
        </testcase>
        <testcase classname="vitest/session-store.test.ts" name="session store &gt; sorts sessions by start time when reading from disk" time="0.005097039">
        </testcase>
        <testcase classname="vitest/session-store.test.ts" name="session store &gt; persists a validated session with generated identifiers" time="0.020482836">
        </testcase>
        <testcase classname="vitest/session-store.test.ts" name="session store &gt; normalizes missing notes to an empty string when saving" time="0.008418578">
        </testcase>
        <testcase classname="vitest/session-store.test.ts" name="session store &gt; rejects invalid drafts before writing them" time="0.004128304">
        </testcase>
    </testsuite>
</testsuites>
