<testsuites id="" name="" tests="6" failures="0" skipped="0" errors="0" time="17.321721">
<testsuite name="smoke.spec.ts" timestamp="2026-04-09T16:45:43.581Z" hostname="chromium" tests="6" failures="0" skipped="0" time="2.712" errors="0">
<testcase name="home renders core UI and version report link" classname="smoke.spec.ts" time="0.536">
<system-out>
<![CDATA[
[[ATTACHMENT|../test-results/smoke-home-renders-core-UI-and-version-report-link-chromium/test-finished-1.png]]
]]>
</system-out>
</testcase>
<testcase name="clicking v1.5.0 opens executive report" classname="smoke.spec.ts" time="0.664">
<system-out>
<![CDATA[
[[ATTACHMENT|../test-results/smoke-clicking-v1-5-0-opens-executive-report-chromium/test-finished-2.png]]

[[ATTACHMENT|../test-results/smoke-clicking-v1-5-0-opens-executive-report-chromium/test-finished-1.png]]
]]>
</system-out>
</testcase>
<testcase name="main control groups are visible after entering room" classname="smoke.spec.ts" time="0.428">
<system-out>
<![CDATA[
[[ATTACHMENT|../test-results/smoke-main-control-groups-are-visible-after-entering-room-chromium/test-finished-1.png]]
]]>
</system-out>
</testcase>
<testcase name="music panel can be opened, changed and closed" classname="smoke.spec.ts" time="0.474">
<system-out>
<![CDATA[
[[ATTACHMENT|../test-results/smoke-music-panel-can-be-opened-changed-and-closed-chromium/test-finished-1.png]]
]]>
</system-out>
</testcase>
<testcase name="data section synth toggle switches ON and OFF" classname="smoke.spec.ts" time="0.45">
<system-out>
<![CDATA[
[[ATTACHMENT|../test-results/smoke-data-section-synth-toggle-switches-ON-and-OFF-chromium/test-finished-1.png]]
]]>
</system-out>
</testcase>
<testcase name="vitest junit artifact is reachable" classname="smoke.spec.ts" time="0.16">
<system-out>
<![CDATA[
[[ATTACHMENT|../test-results/smoke-vitest-junit-artifact-is-reachable-chromium/test-finished-1.png]]
]]>
</system-out>
</testcase>
</testsuite>
</testsuites>